[2026-04-28T13:16:43.949798+00:00] stack.INFO: Request: GET /api/auth/me [] []
[2026-04-28T13:16:43.950390+00:00] stack.INFO: Cookies: {"EMA_SESSION":"ad18c3006dc3b8fdccad3f05739d2a09"} [] []
[2026-04-28T13:16:43.950438+00:00] stack.INFO: Headers: {"Cookie":"EMA_SESSION=ad18c3006dc3b8fdccad3f05739d2a09","User-Agent":"insomnia\/6.2.0"} [] []
[2026-04-28T13:16:43.950990+00:00] stack.INFO: App: Starting session (auth endpoint: no, has cookie: yes) [] []
[2026-04-28T13:16:43.951780+00:00] stack.INFO: AuthMiddleware: Session status before check: 2 [] []
[2026-04-28T13:16:43.951820+00:00] stack.INFO: AuthMiddleware: Cookie from request: {"EMA_SESSION":"ad18c3006dc3b8fdccad3f05739d2a09"} [] []
[2026-04-28T13:16:43.951849+00:00] stack.INFO: AuthMiddleware: Session ID: ad18c3006dc3b8fdccad3f05739d2a09 [] []
[2026-04-28T13:16:43.951872+00:00] stack.INFO: AuthMiddleware: Session data: {"user_id":48,"user_email":"admin@gmail.com","user_role":"admin","last_activity":1777382173} [] []
[2026-04-28T13:16:43.951894+00:00] stack.INFO: AuthMiddleware: Checking authentication. Session keys present: user_id, user_email, user_role [] []
[2026-04-28T13:16:56.440106+00:00] stack.INFO: Request: GET /api/files/Uploads/folder_68bd026304c88_ubt%20logo.jpg [] []
[2026-04-28T13:16:56.440702+00:00] stack.INFO: Cookies: [] [] []
[2026-04-28T13:16:56.440741+00:00] stack.INFO: Headers: {"Cookie":"none","User-Agent":"insomnia\/6.2.0"} [] []
[2026-04-28T13:16:56.441314+00:00] stack.INFO: App: No EMA_SESSION cookie and not auth endpoint, skipping session start [] []
[2026-04-28T13:16:56.441948+00:00] stack.INFO: AuthMiddleware: Session status before check: 1 [] []
[2026-04-28T13:16:56.441986+00:00] stack.INFO: AuthMiddleware: Cookie from request: [] [] []
[2026-04-28T13:16:56.442014+00:00] stack.INFO: AuthMiddleware: Checking authentication. Session keys present: no user_id, no user_email, no user_role [] []
[2026-04-28T13:16:56.442035+00:00] stack.INFO: AuthMiddleware: Authentication failed - Session data missing [] []
[2026-04-28T13:21:48.061940+00:00] stack.INFO: Request: GET /api/files/Uploads/folder_68bd026304c88_ubt%20logo.jpg [] []
[2026-04-28T13:21:48.062596+00:00] stack.INFO: Cookies: [] [] []
[2026-04-28T13:21:48.062634+00:00] stack.INFO: Headers: {"Cookie":"none","User-Agent":"insomnia\/6.2.0"} [] []
[2026-04-28T13:21:48.063435+00:00] stack.INFO: App: No EMA_SESSION cookie and not auth endpoint, skipping session start [] []
[2026-04-28T13:21:48.064261+00:00] stack.INFO: AuthMiddleware: Session status before check: 1 [] []
[2026-04-28T13:21:48.064302+00:00] stack.INFO: AuthMiddleware: Cookie from request: [] [] []
[2026-04-28T13:21:48.064330+00:00] stack.INFO: AuthMiddleware: Checking authentication. Session keys present: no user_id, no user_email, no user_role [] []
[2026-04-28T13:21:48.064353+00:00] stack.INFO: AuthMiddleware: Authentication failed - Session data missing [] []
[2026-04-28T13:21:54.413022+00:00] stack.INFO: Request: GET /api/auth/me [] []
[2026-04-28T13:21:54.413601+00:00] stack.INFO: Cookies: {"EMA_SESSION":"ad18c3006dc3b8fdccad3f05739d2a09"} [] []
[2026-04-28T13:21:54.413636+00:00] stack.INFO: Headers: {"Cookie":"EMA_SESSION=ad18c3006dc3b8fdccad3f05739d2a09","User-Agent":"insomnia\/6.2.0"} [] []
[2026-04-28T13:21:54.414383+00:00] stack.INFO: App: Starting session (auth endpoint: no, has cookie: yes) [] []
[2026-04-28T13:21:54.415241+00:00] stack.INFO: AuthMiddleware: Session status before check: 2 [] []
[2026-04-28T13:21:54.415290+00:00] stack.INFO: AuthMiddleware: Cookie from request: {"EMA_SESSION":"ad18c3006dc3b8fdccad3f05739d2a09"} [] []
[2026-04-28T13:21:54.415321+00:00] stack.INFO: AuthMiddleware: Session ID: ad18c3006dc3b8fdccad3f05739d2a09 [] []
[2026-04-28T13:21:54.415343+00:00] stack.INFO: AuthMiddleware: Session data: {"user_id":48,"user_email":"admin@gmail.com","user_role":"admin","last_activity":1777382203} [] []
[2026-04-28T13:21:54.415363+00:00] stack.INFO: AuthMiddleware: Checking authentication. Session keys present: user_id, user_email, user_role [] []
[2026-04-28T13:21:58.251917+00:00] stack.INFO: Request: POST /api/auth/login [] []
[2026-04-28T13:21:58.252635+00:00] stack.INFO: Cookies: {"EMA_SESSION":"ad18c3006dc3b8fdccad3f05739d2a09"} [] []
[2026-04-28T13:21:58.252695+00:00] stack.INFO: Headers: {"Cookie":"EMA_SESSION=ad18c3006dc3b8fdccad3f05739d2a09","User-Agent":"insomnia\/6.2.0"} [] []
[2026-04-28T13:21:58.253605+00:00] stack.INFO: App: Starting session (auth endpoint: yes, has cookie: yes) [] []
[2026-04-28T13:21:58.254890+00:00] stack.INFO: Login request data received: {"email":"admin@gmail.com","password":"admin@gmail.com"} [] []
[2026-04-28T13:21:58.254932+00:00] stack.INFO: Request method: POST [] []
[2026-04-28T13:21:58.254959+00:00] stack.INFO: Request body: { 	"email": "admin@gmail.com", 	"password": "admin@gmail.com" } [] []
[2026-04-28T13:21:58.254982+00:00] stack.INFO: POST data: [] [] []
[2026-04-28T13:21:58.255004+00:00] stack.INFO: JSON data: {"email":"admin@gmail.com","password":"admin@gmail.com"} [] []
[2026-04-28T13:22:15.865975+00:00] stack.INFO: Request: GET /api/files/Uploads/folder_68bd026304c88_ubt%20logo.jpg [] []
[2026-04-28T13:22:15.866577+00:00] stack.INFO: Cookies: {"EMA_SESSION":"ad18c3006dc3b8fdccad3f05739d2a09"} [] []
[2026-04-28T13:22:15.866614+00:00] stack.INFO: Headers: {"Cookie":"EMA_SESSION=ad18c3006dc3b8fdccad3f05739d2a09","User-Agent":"insomnia\/6.2.0"} [] []
[2026-04-28T13:22:15.867380+00:00] stack.INFO: App: Starting session (auth endpoint: no, has cookie: yes) [] []
[2026-04-28T13:22:15.868168+00:00] stack.INFO: AuthMiddleware: Session status before check: 2 [] []
[2026-04-28T13:22:15.868209+00:00] stack.INFO: AuthMiddleware: Cookie from request: {"EMA_SESSION":"ad18c3006dc3b8fdccad3f05739d2a09"} [] []
[2026-04-28T13:22:15.868238+00:00] stack.INFO: AuthMiddleware: Session ID: ad18c3006dc3b8fdccad3f05739d2a09 [] []
[2026-04-28T13:22:15.868261+00:00] stack.INFO: AuthMiddleware: Session data: {"user_id":48,"user_email":"admin@gmail.com","user_role":"admin","last_activity":1777382518} [] []
[2026-04-28T13:22:15.868284+00:00] stack.INFO: AuthMiddleware: Checking authentication. Session keys present: user_id, user_email, user_role [] []
[2026-04-28T13:22:15.868691+00:00] stack.INFO: Serving file by path: Uploads/folder_68bd026304c88_ubt%20logo.jpg [] []
[2026-04-28T13:22:39.202512+00:00] stack.INFO: Request: POST /api/auth/login [] []
[2026-04-28T13:22:39.203130+00:00] stack.INFO: Cookies: [] [] []
[2026-04-28T13:22:39.203171+00:00] stack.INFO: Headers: {"Cookie":"none","User-Agent":"insomnia\/6.2.0"} [] []
[2026-04-28T13:22:39.203736+00:00] stack.INFO: App: Starting session (auth endpoint: yes, has cookie: no) [] []
[2026-04-28T13:22:39.204974+00:00] stack.INFO: Login request data received: {"email":"admin@gmail.com","password":"admin@gmail.com"} [] []
[2026-04-28T13:22:39.205014+00:00] stack.INFO: Request method: POST [] []
[2026-04-28T13:22:39.205041+00:00] stack.INFO: Request body: { 	"email": "admin@gmail.com", 	"password": "admin@gmail.com" } [] []
[2026-04-28T13:22:39.205064+00:00] stack.INFO: POST data: [] [] []
[2026-04-28T13:22:39.205095+00:00] stack.INFO: JSON data: {"email":"admin@gmail.com","password":"admin@gmail.com"} [] []
[2026-04-28T13:22:49.478205+00:00] stack.INFO: Request: GET /api/files/Uploads/folder_68bd026304c88_ubt%20logo.jpg [] []
[2026-04-28T13:22:49.478788+00:00] stack.INFO: Cookies: {"EMA_SESSION":"5834159a221f337d50fda9f868867732"} [] []
[2026-04-28T13:22:49.478823+00:00] stack.INFO: Headers: {"Cookie":"EMA_SESSION=5834159a221f337d50fda9f868867732","User-Agent":"insomnia\/6.2.0"} [] []
[2026-04-28T13:22:49.479399+00:00] stack.INFO: App: Starting session (auth endpoint: no, has cookie: yes) [] []
[2026-04-28T13:22:49.480242+00:00] stack.INFO: AuthMiddleware: Session status before check: 2 [] []
[2026-04-28T13:22:49.480282+00:00] stack.INFO: AuthMiddleware: Cookie from request: {"EMA_SESSION":"5834159a221f337d50fda9f868867732"} [] []
[2026-04-28T13:22:49.480311+00:00] stack.INFO: AuthMiddleware: Session ID: 5834159a221f337d50fda9f868867732 [] []
[2026-04-28T13:22:49.480334+00:00] stack.INFO: AuthMiddleware: Session data: {"user_id":48,"user_email":"admin@gmail.com","user_role":"admin","last_activity":1777382559} [] []
[2026-04-28T13:22:49.480361+00:00] stack.INFO: AuthMiddleware: Checking authentication. Session keys present: user_id, user_email, user_role [] []
[2026-04-28T13:22:49.480766+00:00] stack.INFO: Serving file by path: Uploads/folder_68bd026304c88_ubt%20logo.jpg [] []
